<?xml version="1.0" encoding="UTF-8"?>
<testng-results skipped="0" failed="0" ignored="0" total="1" passed="1">
  <reporter-output>
  </reporter-output>
  <suite name="Default suite" duration-ms="146087" started-at="2019-12-10T10:43:02Z" finished-at="2019-12-10T10:45:28Z">
    <groups>
    </groups>
    <test name="Default test" duration-ms="146087" started-at="2019-12-10T10:43:02Z" finished-at="2019-12-10T10:45:28Z">
      <class name="com.zest.tests.TripAdvisorTest">
        <test-method status="PASS" signature="before()[pri:0, instance:com.zest.tests.TripAdvisorTest@1dde4cb2]" name="before" is-config="true" duration-ms="15" started-at="2019-12-10T10:43:02Z" finished-at="2019-12-10T10:43:02Z">
          <reporter-output>
          </reporter-output>
        </test-method> <!-- before -->
        <test-method status="PASS" signature="beforeMethod()[pri:0, instance:com.zest.tests.TripAdvisorTest@1dde4cb2]" name="beforeMethod" is-config="true" duration-ms="4167" started-at="2019-12-10T10:43:02Z" finished-at="2019-12-10T10:43:06Z">
          <reporter-output>
          </reporter-output>
        </test-method> <!-- beforeMethod -->
        <test-method status="PASS" signature="writeTripAdvisorReview()[pri:0, instance:com.zest.tests.TripAdvisorTest@1dde4cb2]" name="writeTripAdvisorReview" duration-ms="140589" started-at="2019-12-10T10:43:06Z" finished-at="2019-12-10T10:45:26Z">
          <reporter-output>
          </reporter-output>
        </test-method> <!-- writeTripAdvisorReview -->
        <test-method status="PASS" signature="afterMethod()[pri:0, instance:com.zest.tests.TripAdvisorTest@1dde4cb2]" name="afterMethod" is-config="true" duration-ms="0" started-at="2019-12-10T10:45:26Z" finished-at="2019-12-10T10:45:26Z">
          <reporter-output>
          </reporter-output>
        </test-method> <!-- afterMethod -->
        <test-method status="PASS" signature="afterTest()[pri:0, instance:com.zest.tests.TripAdvisorTest@1dde4cb2]" name="afterTest" is-config="true" duration-ms="1282" started-at="2019-12-10T10:45:26Z" finished-at="2019-12-10T10:45:28Z">
          <reporter-output>
          </reporter-output>
        </test-method> <!-- afterTest -->
      </class> <!-- com.zest.tests.TripAdvisorTest -->
    </test> <!-- Default test -->
  </suite> <!-- Default suite -->
</testng-results>
